[INFO] [24-10-2012 08:30:59] [OSGi Console] [DefaultOsgiApplicationContextCreator:67] Discovered configurations {osgibundle:/META-INF/spring/*.xml} in bundle [nfe-integrador-email (nfe-integrador-email)]
[INFO] [24-10-2012 08:30:59] [SpringOsgiExtenderThread-25] [OsgiBundleXmlApplicationContext:500] Refreshing OsgiBundleXmlApplicationContext(bundle=nfe-integrador-email, config=osgibundle:/META-INF/spring/*.xml): startup date [Wed Oct 24 08:30:59 BRST 2012]; root of context hierarchy
[INFO] [24-10-2012 08:30:59] [SpringOsgiExtenderThread-25] [OsgiBundleXmlApplicationContext:365] Application Context service already unpublished
[INFO] [24-10-2012 08:30:59] [SpringOsgiExtenderThread-25] [XmlBeanDefinitionReader:315] Loading XML bean definitions from URL [bundleentry://103.fwk17008065/META-INF/spring/applicationContext.xml]
[INFO] [24-10-2012 08:30:59] [SpringOsgiExtenderThread-25] [DefaultListableBeanFactory:647] Overriding bean definition for bean 'loadAccount': replacing [Generic bean: class [br.com.pwc.integracao.mail.carteiro.LoadAccount]; scope=singleton; abstract=false; lazyInit=false; autowireMode=0; dependencyCheck=0; autowireCandidate=true; primary=false; factoryBeanName=null; factoryMethodName=null; initMethodName=null; destroyMethodName=null; defined in URL [bundleresource://103.fwk17008065/br/com/pwc/integracao/mail/carteiro/LoadAccount.class]] with [Generic bean: class [br.com.pwc.integracao.mail.carteiro.LoadAccount]; scope=singleton; abstract=false; lazyInit=false; autowireMode=0; dependencyCheck=0; autowireCandidate=true; primary=false; factoryBeanName=null; factoryMethodName=null; initMethodName=null; destroyMethodName=null; defined in URL [bundleentry://103.fwk17008065/META-INF/spring/applicationContext.xml]]
[INFO] [24-10-2012 08:30:59] [SpringOsgiExtenderThread-25] [DependencyWaiterApplicationContextExecutor:243] No outstanding OSGi service dependencies, completing initialization for OsgiBundleXmlApplicationContext(bundle=nfe-integrador-email, config=osgibundle:/META-INF/spring/*.xml)
[INFO] [24-10-2012 08:30:59] [SpringOsgiExtenderThread-26] [DefaultListableBeanFactory:581] Pre-instantiating singletons in org.springframework.beans.factory.support.DefaultListableBeanFactory@1c3d34b: defining beans [httpCommunicatorRequestVO,httpCommunicator,NFeEntradaImportacao,NFeEntradaConnectorImportacaoRequestVO,NFeEntradaConnectorImportacaoResponseVO,soapBuilder,soapBuilderRequestVO,soapBuilderResponseVO,carteiro,loadAccount,runJobTask,readMailBox,importador,org.springframework.context.annotation.internalConfigurationAnnotationProcessor,org.springframework.context.annotation.internalAutowiredAnnotationProcessor,org.springframework.context.annotation.internalRequiredAnnotationProcessor,org.springframework.context.annotation.internalCommonAnnotationProcessor,loadTimeWeaver,configPrincipal,log4jInitializer,jobLeitor,integracaoMailTrigger,org.springframework.scheduling.quartz.SchedulerFactoryBean#0]; root of factory hierarchy
[INFO] [24-10-2012 08:30:59] [SpringOsgiExtenderThread-26] [PropertiesFactoryBean:177] Loading properties file from OSGi resource[file:config/emailNFe.properties|bnd.id=103|bnd.sym=nfe-integrador-email]
[INFO] [24-10-2012 08:30:59] [SpringOsgiExtenderThread-26] [LoadAccount:39] Processo de configuracao iniciado!
[INFO] [24-10-2012 08:30:59] [SpringOsgiExtenderThread-26] [LoadAccount:51] Iniciando mapeamento de contas...
[INFO] [24-10-2012 08:30:59] [SpringOsgiExtenderThread-26] [LoadAccount:54] Obtendo Quantidades de contas parametrizadas...
[INFO] [24-10-2012 08:30:59] [SpringOsgiExtenderThread-26] [LoadAccount:58] Iniciando Verificação de contas...
[INFO] [24-10-2012 08:30:59] [SpringOsgiExtenderThread-26] [LoadAccount:66] Contas carregadas e mapeadas com sucesso!
[INFO] [24-10-2012 08:30:59] [SpringOsgiExtenderThread-26] [TraySystem:36] Modo grafico habilitado!
[INFO] [24-10-2012 08:30:59] [SpringOsgiExtenderThread-26] [TraySystem:51] Criando Tray com icone...
[INFO] [24-10-2012 08:30:59] [SpringOsgiExtenderThread-26] [TraySystem:53] Tray criado! Associando Eventos ao Tray..
[INFO] [24-10-2012 08:30:59] [SpringOsgiExtenderThread-26] [TraySystem:100] Eventos associados com sucesso !
[INFO] [24-10-2012 08:30:59] [SpringOsgiExtenderThread-26] [TraySystem:106] Adicionando TrayIcon ao OS!
[INFO] [24-10-2012 08:30:59] [SpringOsgiExtenderThread-26] [TraySystem:109] TrayIcon adicionado e executado com sucesso!
[INFO] [24-10-2012 08:30:59] [SpringOsgiExtenderThread-26] [TraySystem:110] Sistema minimizado e em execução!
[INFO] [24-10-2012 08:30:59] [SpringOsgiExtenderThread-26] [SchedulerSignalerImpl:63] Initialized Scheduler Signaller of type: class org.quartz.core.SchedulerSignalerImpl
[INFO] [24-10-2012 08:30:59] [SpringOsgiExtenderThread-26] [QuartzScheduler:215] Quartz Scheduler v.1.6.2 created.
[INFO] [24-10-2012 08:30:59] [SpringOsgiExtenderThread-26] [RAMJobStore:141] RAMJobStore initialized.
[INFO] [24-10-2012 08:30:59] [SpringOsgiExtenderThread-26] [StdSchedulerFactory:1224] Quartz scheduler 'org.springframework.scheduling.quartz.SchedulerFactoryBean#0' initialized from an externally provided properties instance.
[INFO] [24-10-2012 08:30:59] [SpringOsgiExtenderThread-26] [StdSchedulerFactory:1228] Quartz scheduler version: 1.6.2
[INFO] [24-10-2012 08:30:59] [SpringOsgiExtenderThread-26] [QuartzScheduler:2094] JobFactory set to: org.springframework.scheduling.quartz.AdaptableJobFactory@5a5622
[INFO] [24-10-2012 08:30:59] [SpringOsgiExtenderThread-26] [DefaultLifecycleProcessor:334] Starting beans in phase 2147483647
[INFO] [24-10-2012 08:30:59] [SpringOsgiExtenderThread-26] [SchedulerFactoryBean:648] Starting Quartz Scheduler now
[INFO] [24-10-2012 08:30:59] [SpringOsgiExtenderThread-26] [QuartzScheduler:461] Scheduler org.springframework.scheduling.quartz.SchedulerFactoryBean#0_$_NON_CLUSTERED started.
[INFO] [24-10-2012 08:30:59] [SpringOsgiExtenderThread-26] [OsgiBundleXmlApplicationContext:327] Publishing application context as OSGi service with properties {org.springframework.context.service.name=nfe-integrador-email, Bundle-SymbolicName=nfe-integrador-email, Bundle-Version=0.0.1.SNAPSHOT}
[INFO] [24-10-2012 08:30:59] [SpringOsgiExtenderThread-26] [ContextLoaderListener:45] Application context successfully refreshed (OsgiBundleXmlApplicationContext(bundle=nfe-integrador-email, config=osgibundle:/META-INF/spring/*.xml))
[INFO] [24-10-2012 08:30:59] [org.springframework.scheduling.quartz.SchedulerFactoryBean#0_Worker-1] [RunJobTask:37] Iniciando leitura do inbox
[INFO] [24-10-2012 08:30:59] [org.springframework.scheduling.quartz.SchedulerFactoryBean#0_Worker-1] [Carteiro:53] Iniciando processo de conexão com contas de email...
[INFO] [24-10-2012 08:30:59] [org.springframework.scheduling.quartz.SchedulerFactoryBean#0_Worker-1] [MapperToAccount:30] Parseando objeto conta...
[INFO] [24-10-2012 08:30:59] [org.springframework.scheduling.quartz.SchedulerFactoryBean#0_Worker-1] [MapperToAccount:43] Parser de conta realizado com sucesso!
[INFO] [24-10-2012 08:30:59] [org.springframework.scheduling.quartz.SchedulerFactoryBean#0_Worker-1] [Carteiro:60] Conectando ao email....
[INFO] [24-10-2012 08:30:59] [org.springframework.scheduling.quartz.SchedulerFactoryBean#0_Worker-1] [Carteiro:89] Conectando e obtendo dados da conta: Usuario: integradorxml.teste@dataprimer.com.br - Protocolo: imaps Porta: 995
[INFO] [24-10-2012 08:31:00] [org.springframework.scheduling.quartz.SchedulerFactoryBean#0_Worker-1] [Carteiro:65] Conexao com email estabelecida com sucesso!
[INFO] [24-10-2012 08:31:00] [org.springframework.scheduling.quartz.SchedulerFactoryBean#0_Worker-1] [ReadMailBox:97] Verificando status da conexão...
[INFO] [24-10-2012 08:31:00] [org.springframework.scheduling.quartz.SchedulerFactoryBean#0_Worker-1] [ReadMailBox:79] Quantidade de mensagens:  0
[INFO] [24-10-2012 08:31:49] [org.springframework.scheduling.quartz.SchedulerFactoryBean#0_Worker-2] [RunJobTask:37] Iniciando leitura do inbox
[INFO] [24-10-2012 08:31:49] [org.springframework.scheduling.quartz.SchedulerFactoryBean#0_Worker-2] [Carteiro:53] Iniciando processo de conexão com contas de email...
[INFO] [24-10-2012 08:31:49] [org.springframework.scheduling.quartz.SchedulerFactoryBean#0_Worker-2] [MapperToAccount:30] Parseando objeto conta...
[INFO] [24-10-2012 08:31:49] [org.springframework.scheduling.quartz.SchedulerFactoryBean#0_Worker-2] [MapperToAccount:43] Parser de conta realizado com sucesso!
[INFO] [24-10-2012 08:31:49] [org.springframework.scheduling.quartz.SchedulerFactoryBean#0_Worker-2] [Carteiro:60] Conectando ao email....
[INFO] [24-10-2012 08:31:49] [org.springframework.scheduling.quartz.SchedulerFactoryBean#0_Worker-2] [Carteiro:89] Conectando e obtendo dados da conta: Usuario: integradorxml.teste@dataprimer.com.br - Protocolo: imaps Porta: 995
[INFO] [24-10-2012 08:31:50] [org.springframework.scheduling.quartz.SchedulerFactoryBean#0_Worker-2] [Carteiro:65] Conexao com email estabelecida com sucesso!
[INFO] [24-10-2012 08:31:50] [org.springframework.scheduling.quartz.SchedulerFactoryBean#0_Worker-2] [ReadMailBox:97] Verificando status da conexão...
[INFO] [24-10-2012 08:31:50] [org.springframework.scheduling.quartz.SchedulerFactoryBean#0_Worker-2] [ReadMailBox:79] Quantidade de mensagens:  0
[INFO] [24-10-2012 08:31:58] [Timer-1] [OsgiBundleXmlApplicationContext:359] Unpublishing application context OSGi service for bundle nfe-integrador-email (nfe-integrador-email)
[INFO] [24-10-2012 08:31:58] [Timer-1] [OsgiBundleXmlApplicationContext:1025] Closing OsgiBundleXmlApplicationContext(bundle=nfe-integrador-email, config=osgibundle:/META-INF/spring/*.xml): startup date [Wed Oct 24 08:30:59 BRST 2012]; root of context hierarchy
[INFO] [24-10-2012 08:31:58] [Timer-1] [DefaultLifecycleProcessor:349] Stopping beans in phase 2147483647
[INFO] [24-10-2012 08:31:58] [Timer-1] [QuartzScheduler:496] Scheduler org.springframework.scheduling.quartz.SchedulerFactoryBean#0_$_NON_CLUSTERED paused.
[INFO] [24-10-2012 08:31:58] [Timer-1] [DefaultListableBeanFactory:433] Destroying singletons in org.springframework.beans.factory.support.DefaultListableBeanFactory@1c3d34b: defining beans [httpCommunicatorRequestVO,httpCommunicator,NFeEntradaImportacao,NFeEntradaConnectorImportacaoRequestVO,NFeEntradaConnectorImportacaoResponseVO,soapBuilder,soapBuilderRequestVO,soapBuilderResponseVO,carteiro,loadAccount,runJobTask,readMailBox,importador,org.springframework.context.annotation.internalConfigurationAnnotationProcessor,org.springframework.context.annotation.internalAutowiredAnnotationProcessor,org.springframework.context.annotation.internalRequiredAnnotationProcessor,org.springframework.context.annotation.internalCommonAnnotationProcessor,loadTimeWeaver,configPrincipal,log4jInitializer,jobLeitor,integracaoMailTrigger,org.springframework.scheduling.quartz.SchedulerFactoryBean#0]; root of factory hierarchy
[INFO] [24-10-2012 08:31:58] [Timer-1] [SchedulerFactoryBean:758] Shutting down Quartz Scheduler
[INFO] [24-10-2012 08:31:58] [Timer-1] [QuartzScheduler:570] Scheduler org.springframework.scheduling.quartz.SchedulerFactoryBean#0_$_NON_CLUSTERED shutting down.
[INFO] [24-10-2012 08:31:58] [Timer-1] [QuartzScheduler:496] Scheduler org.springframework.scheduling.quartz.SchedulerFactoryBean#0_$_NON_CLUSTERED paused.
[INFO] [24-10-2012 08:31:58] [Timer-1] [QuartzScheduler:621] Scheduler org.springframework.scheduling.quartz.SchedulerFactoryBean#0_$_NON_CLUSTERED shutdown complete.
[INFO] [24-10-2012 08:31:58] [Timer-1] [ContextLoaderListener:60] Application context succesfully closed (OsgiBundleXmlApplicationContext(bundle=nfe-integrador-email, config=osgibundle:/META-INF/spring/*.xml))
[INFO] [24-10-2012 08:43:46] [OSGi Console] [DefaultOsgiApplicationContextCreator:67] Discovered configurations {osgibundle:/META-INF/spring/*.xml} in bundle [nfe-integrador-email (nfe-integrador-email)]
[INFO] [24-10-2012 08:43:46] [SpringOsgiExtenderThread-27] [OsgiBundleXmlApplicationContext:500] Refreshing OsgiBundleXmlApplicationContext(bundle=nfe-integrador-email, config=osgibundle:/META-INF/spring/*.xml): startup date [Wed Oct 24 08:43:46 BRST 2012]; root of context hierarchy
[INFO] [24-10-2012 08:43:46] [SpringOsgiExtenderThread-27] [OsgiBundleXmlApplicationContext:365] Application Context service already unpublished
[INFO] [24-10-2012 08:43:46] [SpringOsgiExtenderThread-27] [XmlBeanDefinitionReader:315] Loading XML bean definitions from URL [bundleentry://104.fwk17008065/META-INF/spring/applicationContext.xml]
[INFO] [24-10-2012 08:43:47] [SpringOsgiExtenderThread-27] [DefaultListableBeanFactory:647] Overriding bean definition for bean 'loadAccount': replacing [Generic bean: class [br.com.pwc.integracao.mail.carteiro.LoadAccount]; scope=singleton; abstract=false; lazyInit=false; autowireMode=0; dependencyCheck=0; autowireCandidate=true; primary=false; factoryBeanName=null; factoryMethodName=null; initMethodName=null; destroyMethodName=null; defined in URL [bundleresource://104.fwk17008065/br/com/pwc/integracao/mail/carteiro/LoadAccount.class]] with [Generic bean: class [br.com.pwc.integracao.mail.carteiro.LoadAccount]; scope=singleton; abstract=false; lazyInit=false; autowireMode=0; dependencyCheck=0; autowireCandidate=true; primary=false; factoryBeanName=null; factoryMethodName=null; initMethodName=null; destroyMethodName=null; defined in URL [bundleentry://104.fwk17008065/META-INF/spring/applicationContext.xml]]
[INFO] [24-10-2012 08:43:47] [SpringOsgiExtenderThread-27] [DependencyWaiterApplicationContextExecutor:243] No outstanding OSGi service dependencies, completing initialization for OsgiBundleXmlApplicationContext(bundle=nfe-integrador-email, config=osgibundle:/META-INF/spring/*.xml)
[INFO] [24-10-2012 08:43:47] [SpringOsgiExtenderThread-28] [DefaultListableBeanFactory:581] Pre-instantiating singletons in org.springframework.beans.factory.support.DefaultListableBeanFactory@1ba3afe: defining beans [httpCommunicatorRequestVO,httpCommunicator,NFeEntradaImportacao,NFeEntradaConnectorImportacaoRequestVO,NFeEntradaConnectorImportacaoResponseVO,soapBuilder,soapBuilderRequestVO,soapBuilderResponseVO,carteiro,loadAccount,runJobTask,readMailBox,importador,org.springframework.context.annotation.internalConfigurationAnnotationProcessor,org.springframework.context.annotation.internalAutowiredAnnotationProcessor,org.springframework.context.annotation.internalRequiredAnnotationProcessor,org.springframework.context.annotation.internalCommonAnnotationProcessor,loadTimeWeaver,configPrincipal,log4jInitializer,jobLeitor,integracaoMailTrigger,org.springframework.scheduling.quartz.SchedulerFactoryBean#0]; root of factory hierarchy
[INFO] [24-10-2012 08:43:47] [SpringOsgiExtenderThread-28] [PropertiesFactoryBean:177] Loading properties file from OSGi resource[file:config/emailNFe.properties|bnd.id=104|bnd.sym=nfe-integrador-email]
[INFO] [24-10-2012 08:43:47] [SpringOsgiExtenderThread-28] [LoadAccount:39] Processo de configuracao iniciado!
[INFO] [24-10-2012 08:43:47] [SpringOsgiExtenderThread-28] [LoadAccount:51] Iniciando mapeamento de contas...
[INFO] [24-10-2012 08:43:47] [SpringOsgiExtenderThread-28] [LoadAccount:54] Obtendo Quantidades de contas parametrizadas...
[INFO] [24-10-2012 08:43:47] [SpringOsgiExtenderThread-28] [LoadAccount:58] Iniciando Verificação de contas...
[INFO] [24-10-2012 08:43:47] [SpringOsgiExtenderThread-28] [LoadAccount:66] Contas carregadas e mapeadas com sucesso!
[INFO] [24-10-2012 08:43:47] [SpringOsgiExtenderThread-28] [TraySystem:36] Modo grafico habilitado!
[INFO] [24-10-2012 08:43:47] [SpringOsgiExtenderThread-28] [TraySystem:51] Criando Tray com icone...
[INFO] [24-10-2012 08:43:47] [SpringOsgiExtenderThread-28] [TraySystem:53] Tray criado! Associando Eventos ao Tray..
[INFO] [24-10-2012 08:43:47] [SpringOsgiExtenderThread-28] [TraySystem:100] Eventos associados com sucesso !
[INFO] [24-10-2012 08:43:47] [SpringOsgiExtenderThread-28] [TraySystem:106] Adicionando TrayIcon ao OS!
[INFO] [24-10-2012 08:43:47] [SpringOsgiExtenderThread-28] [TraySystem:109] TrayIcon adicionado e executado com sucesso!
[INFO] [24-10-2012 08:43:47] [SpringOsgiExtenderThread-28] [TraySystem:110] Sistema minimizado e em execução!
[INFO] [24-10-2012 08:43:47] [SpringOsgiExtenderThread-28] [SchedulerSignalerImpl:63] Initialized Scheduler Signaller of type: class org.quartz.core.SchedulerSignalerImpl
[INFO] [24-10-2012 08:43:47] [SpringOsgiExtenderThread-28] [QuartzScheduler:215] Quartz Scheduler v.1.6.2 created.
[INFO] [24-10-2012 08:43:47] [SpringOsgiExtenderThread-28] [RAMJobStore:141] RAMJobStore initialized.
[INFO] [24-10-2012 08:43:47] [SpringOsgiExtenderThread-28] [StdSchedulerFactory:1224] Quartz scheduler 'org.springframework.scheduling.quartz.SchedulerFactoryBean#0' initialized from an externally provided properties instance.
[INFO] [24-10-2012 08:43:47] [SpringOsgiExtenderThread-28] [StdSchedulerFactory:1228] Quartz scheduler version: 1.6.2
[INFO] [24-10-2012 08:43:47] [SpringOsgiExtenderThread-28] [QuartzScheduler:2094] JobFactory set to: org.springframework.scheduling.quartz.AdaptableJobFactory@b635d7
[INFO] [24-10-2012 08:43:47] [SpringOsgiExtenderThread-28] [DefaultLifecycleProcessor:334] Starting beans in phase 2147483647
[INFO] [24-10-2012 08:43:47] [SpringOsgiExtenderThread-28] [SchedulerFactoryBean:648] Starting Quartz Scheduler now
[INFO] [24-10-2012 08:43:47] [SpringOsgiExtenderThread-28] [QuartzScheduler:461] Scheduler org.springframework.scheduling.quartz.SchedulerFactoryBean#0_$_NON_CLUSTERED started.
[INFO] [24-10-2012 08:43:47] [SpringOsgiExtenderThread-28] [OsgiBundleXmlApplicationContext:327] Publishing application context as OSGi service with properties {org.springframework.context.service.name=nfe-integrador-email, Bundle-SymbolicName=nfe-integrador-email, Bundle-Version=0.0.1.SNAPSHOT}
[INFO] [24-10-2012 08:43:47] [SpringOsgiExtenderThread-28] [ContextLoaderListener:45] Application context successfully refreshed (OsgiBundleXmlApplicationContext(bundle=nfe-integrador-email, config=osgibundle:/META-INF/spring/*.xml))
[INFO] [24-10-2012 08:43:47] [org.springframework.scheduling.quartz.SchedulerFactoryBean#0_Worker-1] [RunJobTask:37] Iniciando leitura do inbox
[INFO] [24-10-2012 08:43:47] [org.springframework.scheduling.quartz.SchedulerFactoryBean#0_Worker-1] [Carteiro:53] Iniciando processo de conexão com contas de email...
[INFO] [24-10-2012 08:43:47] [org.springframework.scheduling.quartz.SchedulerFactoryBean#0_Worker-1] [MapperToAccount:30] Parseando objeto conta...
[INFO] [24-10-2012 08:43:47] [org.springframework.scheduling.quartz.SchedulerFactoryBean#0_Worker-1] [MapperToAccount:43] Parser de conta realizado com sucesso!
[INFO] [24-10-2012 08:43:47] [org.springframework.scheduling.quartz.SchedulerFactoryBean#0_Worker-1] [Carteiro:60] Conectando ao email....
[INFO] [24-10-2012 08:43:47] [org.springframework.scheduling.quartz.SchedulerFactoryBean#0_Worker-1] [Carteiro:89] Conectando e obtendo dados da conta: Usuario: integradorxml.teste@dataprimer.com.br - Protocolo: imaps Porta: 995
[INFO] [24-10-2012 08:43:47] [org.springframework.scheduling.quartz.SchedulerFactoryBean#0_Worker-1] [Carteiro:65] Conexao com email estabelecida com sucesso!
[INFO] [24-10-2012 08:43:47] [org.springframework.scheduling.quartz.SchedulerFactoryBean#0_Worker-1] [ReadMailBox:97] Verificando status da conexão...
[INFO] [24-10-2012 08:43:47] [org.springframework.scheduling.quartz.SchedulerFactoryBean#0_Worker-1] [ReadMailBox:79] Quantidade de mensagens:  0
[INFO] [24-10-2012 08:44:12] [Timer-1] [OsgiBundleXmlApplicationContext:359] Unpublishing application context OSGi service for bundle nfe-integrador-email (nfe-integrador-email)
[INFO] [24-10-2012 08:44:12] [Timer-1] [OsgiBundleXmlApplicationContext:1025] Closing OsgiBundleXmlApplicationContext(bundle=nfe-integrador-email, config=osgibundle:/META-INF/spring/*.xml): startup date [Wed Oct 24 08:43:46 BRST 2012]; root of context hierarchy
[INFO] [24-10-2012 08:44:12] [Timer-1] [DefaultLifecycleProcessor:349] Stopping beans in phase 2147483647
[INFO] [24-10-2012 08:44:12] [Timer-1] [QuartzScheduler:496] Scheduler org.springframework.scheduling.quartz.SchedulerFactoryBean#0_$_NON_CLUSTERED paused.
[INFO] [24-10-2012 08:44:12] [Timer-1] [DefaultListableBeanFactory:433] Destroying singletons in org.springframework.beans.factory.support.DefaultListableBeanFactory@1ba3afe: defining beans [httpCommunicatorRequestVO,httpCommunicator,NFeEntradaImportacao,NFeEntradaConnectorImportacaoRequestVO,NFeEntradaConnectorImportacaoResponseVO,soapBuilder,soapBuilderRequestVO,soapBuilderResponseVO,carteiro,loadAccount,runJobTask,readMailBox,importador,org.springframework.context.annotation.internalConfigurationAnnotationProcessor,org.springframework.context.annotation.internalAutowiredAnnotationProcessor,org.springframework.context.annotation.internalRequiredAnnotationProcessor,org.springframework.context.annotation.internalCommonAnnotationProcessor,loadTimeWeaver,configPrincipal,log4jInitializer,jobLeitor,integracaoMailTrigger,org.springframework.scheduling.quartz.SchedulerFactoryBean#0]; root of factory hierarchy
[INFO] [24-10-2012 08:44:12] [Timer-1] [SchedulerFactoryBean:758] Shutting down Quartz Scheduler
[INFO] [24-10-2012 08:44:12] [Timer-1] [QuartzScheduler:570] Scheduler org.springframework.scheduling.quartz.SchedulerFactoryBean#0_$_NON_CLUSTERED shutting down.
[INFO] [24-10-2012 08:44:12] [Timer-1] [QuartzScheduler:496] Scheduler org.springframework.scheduling.quartz.SchedulerFactoryBean#0_$_NON_CLUSTERED paused.
[INFO] [24-10-2012 08:44:12] [Timer-1] [QuartzScheduler:621] Scheduler org.springframework.scheduling.quartz.SchedulerFactoryBean#0_$_NON_CLUSTERED shutdown complete.
[INFO] [24-10-2012 08:44:12] [Timer-1] [ContextLoaderListener:60] Application context succesfully closed (OsgiBundleXmlApplicationContext(bundle=nfe-integrador-email, config=osgibundle:/META-INF/spring/*.xml))
